<?xml version="1.0" encoding="UTF-8"?>
<!-- Generated by org.testng.reporters.JUnitReportReporter -->
<testsuite hostname="WFM56414-DEV2" name="com.kronos.udm.testcases.TagCreator" tests="1" failures="0" timestamp="12 May 2017 11:44:41 GMT" time="47.548" errors="0">
  <testcase name="tagCreation" time="47.548" classname="com.kronos.udm.testcases.TagCreator"/>
</testsuite> <!-- com.kronos.udm.testcases.TagCreator -->
