<?xml version="1.0" encoding="UTF-8"?>
<!-- Generated by org.testng.reporters.JUnitReportReporter -->
<testsuite hostname="WFM56414-DEV2" name="com.kronos.udm.testcases.ProfileCreator" tests="1" failures="0" timestamp="12 May 2017 11:57:12 GMT" time="54.895" errors="0">
  <testcase name="createProfile" time="54.895" classname="com.kronos.udm.testcases.ProfileCreator"/>
</testsuite> <!-- com.kronos.udm.testcases.ProfileCreator -->
