<?xml version="1.0" encoding="UTF-8"?>
<!-- Generated by org.testng.reporters.JUnitReportReporter -->
<testsuite hostname="WFM56414-DEV2" name="com.kronos.udm.testcases.DeviceCreator" tests="1" failures="0" timestamp="15 May 2017 07:36:12 GMT" time="64.904" errors="0">
  <testcase name="createDevice" time="64.904" classname="com.kronos.udm.testcases.DeviceCreator"/>
</testsuite> <!-- com.kronos.udm.testcases.DeviceCreator -->
