<?xml version="1.0" encoding="UTF-8"?>
<!-- Generated by org.testng.reporters.JUnitReportReporter -->
<testsuite hostname="WFM56414-DEV2" name="com.kronos.udm.testcases.TenantCreator" tests="1" failures="0" timestamp="12 May 2017 09:27:25 GMT" time="37.260" errors="0">
  <testcase name="createTenant" time="37.260" classname="com.kronos.udm.testcases.TenantCreator"/>
</testsuite> <!-- com.kronos.udm.testcases.TenantCreator -->
